2025-04-01T13:36:35+00:00 DEBUG POST: https://ads.tiktok.com/marketing_api/api/developer/app/create_auto_approve/

{"business_platform":"PROD","smb_id":"tt4b_woocommerce_67ebebe2c1d56httpobvietnamproductlocalwp-admin","smb_name":"PROD","redirect_url":"http:\/\/obvietnamproduct.local\/wp-admin\/"}
 ajax: no
2025-04-01T13:36:35+00:00 DEBUG Tt4b_Mapi_Class::create_open_source_app: Response: 

HTTP/1.1 200 OK
Content-Type: application/json
X-Tt-Logid: 20250401133636A56729F93ED1A680C615,20250401133636A56729F93ED1A680C615
Strict-Transport-Security: max-age=31536000; includeSubDomains
Server-Timing: inner; dur=65
x-tt-trace-host: 01100cb5eb2de37c3a174a87b99cf7fae3eb1cde411b8d2b966297d389d47e3190d7aa76910298e2006d0e9736b100be837cdf743a8e6669842e24cf745946cf505fa4b0601d4a8a66421b7dd2c47c8c21584c7cf3cc677ef5f4eef792a300a06c
x-tt-trace-id: 00-250401133636A56729F93ED1A680C615-5699BE941131519F-00
Server: TLB
Content-Encoding: gzip
Date: Tue, 01 Apr 2025 13:36:37 GMT
Content-Length: 209
X-Cache: TCP_MISS from a23-36-145-52.deploy.akamaitechnologies.com (AkamaiGHost/22.0.1-17cca7af0bb8abecc04eefa89024d4b2) (-)
Connection: close
Vary: Accept-Encoding
x-tt-trace-tag: id=16;cdn-cache=miss;type=dyn
Server-Timing: cdn-cache; desc=MISS, edge; dur=9, origin; dur=125
X-Origin-Response-Time: 125,23.36.145.52
X-Akamai-Request-ID: ad5796e

{"code":0,"msg":"ok","data":{"app_id":"7488338177053163538","app_secret":"2cedd7161ef3b5cbea2b60305b0fc19f3eeddede","external_data_key":"12244be3-c8b1-4344-80cd-039399165ab0","redirect_uri":"http:\/\/obvietnamproduct.local\/wp-admin\/"}}

2025-04-01T13:42:59+00:00 DEBUG Tt4b_Pixel_Class::inject_view_content_event: hit ViewContent
2025-04-01T13:43:00+00:00 DEBUG Tt4b_Pixel_Class::inject_view_content_event: Missing option "access_token"
2025-04-01T13:44:35+00:00 DEBUG Tt4b_Pixel_Class::inject_view_content_event: hit ViewContent
2025-04-01T13:44:35+00:00 DEBUG Tt4b_Pixel_Class::inject_view_content_event: Missing option "access_token"
2025-04-01T13:48:39+00:00 DEBUG POST: https://business-api.tiktok.com/tbp/v2.0/business_profile/disconnect?external_data=

{"business_platform":"WOO_COMMERCE","external_business_id":"tt4b_woocommerce_67ebebe2c1d56"}
 ajax: no
2025-04-01T13:48:39+00:00 DEBUG Tt4b_Mapi_Class::tbp_post: Response: 

HTTP/1.1 200 OK
Content-Type: application/json; charset=utf-8
Content-Length: 95
X-Api-Deprecation-Info: API for Business Version 1.3 is now live. To avoid disruption to your business, we recommend you migrate all calls to v1.3 as soon as possible. Please visit our migration guide for more details: https://ads.tiktok.com/marketing_api/docs?id=1740029169927169
X-Domain-Change-Info: We have moved to the new domain business-api.tiktok.com for API services after the Platform Upgrade on 09/30/2021. Please update all of your requests with the new domain if you haven't done so already. For more information, please visit https://ads.tiktok.com/marketing_api/docs?rid=esb88xalm6m&id=1709207085043713
X-Tt-Logid: 2025040113484006667A7609FCF682B476
x-tt-trace-host: 01100cb5eb2de37c3a174a87b99cf7fae3ee3e3fd373325f008a676f1c5bee49babc57a0a4239e32ec7539fc8bd4ee8026fd505fd5843541425843206d57688d88c6ea2a405d48419957c675601ec8a7f7fb5cad17a5dece26a6b922f475a01e6e8f03f8ba4589c5848ca4904aa593bfab
x-tt-trace-id: 00-25040113484006667A7609FCF682B476-38995DE60F7F7E12-00
Server: TLB
X-Origin-Response-Time: 15,23.44.171.140
X-Akamai-Request-ID: 39650b48.4d9b9e18
Expires: Tue, 01 Apr 2025 13:48:42 GMT
Cache-Control: max-age=0, no-cache, no-store
Pragma: no-cache
Date: Tue, 01 Apr 2025 13:48:42 GMT
X-Cache: TCP_MISS from a104-90-7-71.deploy.akamaitechnologies.com (AkamaiGHost/22.0.1-eb7cb3f5cdf15410f5facbbff815d64a) (-)
Connection: close
X-Cache-Remote: TCP_MISS from a23-44-171-140.deploy.akamaitechnologies.com (AkamaiGHost/22.0.1-eb7cb3f5cdf15410f5facbbff815d64a) (-)
x-tt-trace-tag: id=16;cdn-cache=miss;type=dyn
Server-Timing: cdn-cache; desc=MISS, edge; dur=39, origin; dur=14
Server-Timing: inner; dur=8
X-Parent-Response-Time: 49,104.90.7.71

{"code":40001,"message":"Permission denied.","request_id":"2025040113484006667A7609FCF682B476"}

2025-04-01T13:48:39+00:00 DEBUG POST: https://business-api.tiktok.com/tbp/v2.0/shop/connection/disconnect?external_data=

--- EMPTY STRING ---
 ajax: no
2025-04-01T13:48:40+00:00 DEBUG Tt4b_Mapi_Class::tts_shop_disconnect: Response: 

HTTP/1.1 200 OK
Content-Type: application/json; charset=utf-8
Content-Length: 95
X-Api-Deprecation-Info: API for Business Version 1.3 is now live. To avoid disruption to your business, we recommend you migrate all calls to v1.3 as soon as possible. Please visit our migration guide for more details: https://ads.tiktok.com/marketing_api/docs?id=1740029169927169
X-Domain-Change-Info: We have moved to the new domain business-api.tiktok.com for API services after the Platform Upgrade on 09/30/2021. Please update all of your requests with the new domain if you haven't done so already. For more information, please visit https://ads.tiktok.com/marketing_api/docs?rid=esb88xalm6m&id=1709207085043713
X-Tt-Logid: 20250401134841C2C007139617C681590A
x-tt-trace-host: 01100cb5eb2de37c3a174a87b99cf7fae3ee3e3fd373325f008a676f1c5bee49ba642dfc8da1363c716518cdf3feb34d0263dbef3074cd1b8360ce0d4748f9080a8cbe0756eddba86cafa254776f981337990299b5087869536d2725814050d77ca3602fb979e0978c857c7535ca23d96a
x-tt-trace-id: 00-250401134841C2C007139617C681590A-594A88144D1E8A48-00
Server: TLB
X-Origin-Response-Time: 14,23.32.38.173
X-Akamai-Request-ID: bebb33f4.4d9ba6e4
Expires: Tue, 01 Apr 2025 13:48:42 GMT
Cache-Control: max-age=0, no-cache, no-store
Pragma: no-cache
Date: Tue, 01 Apr 2025 13:48:42 GMT
X-Cache: TCP_MISS from a104-90-7-71.deploy.akamaitechnologies.com (AkamaiGHost/22.0.1-eb7cb3f5cdf15410f5facbbff815d64a) (-)
Connection: close
X-Cache-Remote: TCP_MISS from a23-32-38-173.deploy.akamaitechnologies.com (AkamaiGHost/22.0.1-eb7cb3f5cdf15410f5facbbff815d64a) (-)
x-tt-trace-tag: id=16;cdn-cache=miss;type=dyn
Server-Timing: cdn-cache; desc=MISS, edge; dur=110, origin; dur=14
Server-Timing: inner; dur=9
X-Parent-Response-Time: 120,104.90.7.71

{"code":40001,"message":"Permission denied.","request_id":"20250401134841C2C007139617C681590A"}

